C51 COMPILER V9.50a   KEYPAD                                                               10/19/2022 17:34:43 PAGE 1   


C51 COMPILER V9.50a, COMPILATION OF MODULE KEYPAD
OBJECT MODULE PLACED IN keypad.OBJ
COMPILER INVOKED BY: C:\Keil\C51\BIN\C51.EXE keypad.c BROWSE DEBUG OBJECTEXTEND TABS(2)

line level    source

   1          #include<reg51.h>
   2          void delay (void);
   3          int pass[4];
   4          int ori[4]={5,6,7,8};
   5          
   6          
   7          sbit led=P0^1; // for led
   8          sbit led2=P0^2; // for led
   9          
  10          sbit r0=P2^0;  //port P2
  11          sbit r1=P2^1;
  12          sbit r2=P2^2;
  13          sbit r3=P2^3;
  14          sbit c0=P2^4;
  15          sbit c1=P2^5;
  16          sbit c2=P2^6;
  17          sbit c3=P2^7;
  18          
  19          void main()
  20          {
  21   1        int i;
  22   1      led= 1;  // led off
  23   1        led2=1;
  24   1      while(1)
  25   1      {
  26   2        i=0;
  27   2        while(i<4)
  28   2        {
  29   3      r0=0;    //row 0............................
  30   3      r1=r2=r3=1;
  31   3      if(c0==0)  // col 0
  32   3      {
  33   4      pass[i]=1;
  34   4        i++;
  35   4        delay();
  36   4      }
  37   3      if(c1==0)  // col 1
  38   3      {
  39   4      pass[i]=2;
  40   4          i++;
  41   4        delay();
  42   4      }
  43   3      
  44   3      if(c2==0)  // col 2 
  45   3      {
  46   4      pass[i]=3;
  47   4          i++;
  48   4        delay();
  49   4      }
  50   3      
  51   3      r1=0;    //row 1.......................
  52   3      r0=r2=r3=1;
  53   3      if(c0==0)  // col 0
  54   3      {
  55   4      pass[i]=4;
C51 COMPILER V9.50a   KEYPAD                                                               10/19/2022 17:34:43 PAGE 2   

  56   4        i++;
  57   4        delay();
  58   4      }
  59   3      if(c1==0)  // col 1
  60   3      {
  61   4      pass[i]=5;
  62   4        i++;
  63   4        delay();
  64   4      }
  65   3      
  66   3      if(c2==0)  // col 2 
  67   3      {
  68   4      pass[i]=6;
  69   4        i++;
  70   4        delay();
  71   4      }
  72   3      r2=0;    //row 2.......................
  73   3      r0=r1=r3=1;
  74   3      if(c0==0)  // col 0
  75   3      {
  76   4      pass[i]=7;
  77   4        i++;
  78   4        delay();
  79   4      }
  80   3      if(c1==0)  // col 1
  81   3      {
  82   4      pass[i]=8;
  83   4        i++;
  84   4        delay();
  85   4      }
  86   3      
  87   3      if(c2==0)  // col 2 
  88   3      {
  89   4      pass[i]=9;
  90   4        i++;
  91   4        delay();
  92   4      }
  93   3      r3=0;    //row 3.......................
  94   3      r0=r2=r1=1;
  95   3      if(c1==0)  // col 0
  96   3      {
  97   4      pass[i]=0;
  98   4        i++;
  99   4        delay();
 100   4      } 
 101   3      
 102   3      } //........................................................................ while loop closed
 103   2      
 104   2      if((pass[0]=ori[0])&&(pass[1]=ori[1])&&(pass[2]=ori[2])&&(pass[3]=ori[3]))
 105   2        
 106   2      {
 107   3      led =0;
 108   3        led2=1;
 109   3        
 110   3      }
 111   2      else
 112   2      {
 113   3      led =1;
 114   3        led2=0;
 115   3      }
 116   2      
 117   2      
C51 COMPILER V9.50a   KEYPAD                                                               10/19/2022 17:34:43 PAGE 3   

 118   2      }
 119   1      }
 120          
 121          
 122          void delay(void)
 123          {
 124   1      int i,j;
 125   1      for(i=0;i<100;i++)
 126   1      {for(j=0;j<500;j++)
 127   2      {}
 128   2      }
 129   1      }


MODULE INFORMATION:   STATIC OVERLAYABLE
   CODE SIZE        =    413    ----
   CONSTANT SIZE    =   ----    ----
   XDATA SIZE       =   ----    ----
   PDATA SIZE       =   ----    ----
   DATA SIZE        =     16       2
   IDATA SIZE       =   ----    ----
   BIT SIZE         =   ----    ----
END OF MODULE INFORMATION.


C51 COMPILATION COMPLETE.  0 WARNING(S),  0 ERROR(S)
