C51 COMPILER V9.50a   LCD                                                                  10/17/2022 17:40:55 PAGE 1   


C51 COMPILER V9.50a, COMPILATION OF MODULE LCD
OBJECT MODULE PLACED IN lcd.OBJ
COMPILER INVOKED BY: C:\Keil\C51\BIN\C51.EXE lcd.c BROWSE DEBUG OBJECTEXTEND TABS(2)

line level    source

   1          #include<reg51.h>
   2          void delay(void);
   3          void lcd_cmd(unsigned char);
   4          void lcd_data(unsigned char);
   5          
   6          #define dataport P2
   7          sbit rs=P1^1;
   8          sbit rw=P1^2;
   9          sbit en=P1^3;
  10          
  11          void main ()
  12          {
  13   1      lcd_cmd(0x38); //data 
  14   1      lcd_cmd(0x80); //line
  15   1      lcd_cmd(0x0C);  //curser
  16   1      
  17   1      
  18   1      lcd_data('H'); //data
  19   1      lcd_data('E');    
  20   1      lcd_data('L');
  21   1      lcd_data('L');
  22   1      lcd_data('O');
  23   1        
  24   1      lcd_cmd(0x01); // clear
  25   1      while(1)
  26   1      
  27   1      }
*** ERROR C141 IN LINE 27 OF lcd.c: syntax error near '}'
  28          
  29          void lcd_cmd(unsigned char c)
  30          {
  31   1      dataport=c;
  32   1      rs=0;
  33   1      rw=0;
  34   1      en=1;
  35   1      delay();
  36   1      en=0;
  37   1      }
  38          
  39          void lcd_data(unsigned char d)
  40          {
  41   1      dataport=d;
  42   1      rs=1;
  43   1      rw=0;
  44   1      en=1;
  45   1      delay();
  46   1      en=0;
  47   1      }
  48          
  49          void delay (void)
  50          {
  51   1      int i,j;
  52   1      for(i=0;i<100;i++)
  53   1      {
  54   2        for(j=0;j<500;j++)
C51 COMPILER V9.50a   LCD                                                                  10/17/2022 17:40:55 PAGE 2   

  55   2        {
  56   3        }
  57   2      }
  58   1      }

C51 COMPILATION COMPLETE.  0 WARNING(S),  1 ERROR(S)
