C51 COMPILER V9.50a   LED                                                                  10/11/2022 19:07:48 PAGE 1   


C51 COMPILER V9.50a, COMPILATION OF MODULE LED
OBJECT MODULE PLACED IN led.OBJ
COMPILER INVOKED BY: C:\Keil\C51\BIN\C51.EXE led.c BROWSE DEBUG OBJECTEXTEND TABS(2)

line level    source

   1          #include<reg51.h>
   2          
   3          sbit led1= P1^2;
   4          sbit led2= P0^3;
   5          void delay(void);
   6          void main()
   7          {
   8   1      led1=1;
   9   1      led2=1;
  10   1      while(1)
  11   1      {
  12   2      led1=1;
  13   2        led2=0;
  14   2        delay();
  15   2      led1=0;
  16   2        led2=1;
  17   2        delay();
  18   2      }
  19   1      }
  20          void delay(void)
  21          {
  22   1      int i,j;
  23   1      for(i=0;i<100;i++)
  24   1      {
  25   2      for(j=0;j<500;j++)
  26   2      {
  27   3      }
  28   2      }
  29   1      }


MODULE INFORMATION:   STATIC OVERLAYABLE
   CODE SIZE        =     49    ----
   CONSTANT SIZE    =   ----    ----
   XDATA SIZE       =   ----    ----
   PDATA SIZE       =   ----    ----
   DATA SIZE        =   ----    ----
   IDATA SIZE       =   ----    ----
   BIT SIZE         =   ----    ----
END OF MODULE INFORMATION.


C51 COMPILATION COMPLETE.  0 WARNING(S),  0 ERROR(S)
