C51 COMPILER V9.50a   INTRRUPT                                                             10/20/2022 18:52:25 PAGE 1   


C51 COMPILER V9.50a, COMPILATION OF MODULE INTRRUPT
OBJECT MODULE PLACED IN intrrupt.OBJ
COMPILER INVOKED BY: C:\Keil\C51\BIN\C51.EXE intrrupt.c BROWSE DEBUG OBJECTEXTEND TABS(2)

line level    source

   1          #include<reg51.h>
   2          void delay(void);
   3          
   4          sbit led1=P2^2;
   5          sbit led2=P2^3;
   6           
   7           
   8           void int0_isr(void) interrupt 0   //pin P3^2
   9           {
  10   1      led1=1;
  11   1      led2=0;
  12   1      delay();
  13   1      }
  14          
  15          
  16          
  17          void int1_isr(void) interrupt 2   // pin P3^3
  18           {
  19   1      led1=0;
  20   1      led2=1;
  21   1      delay();
  22   1      }
  23          
  24          
  25          
  26          void main()
  27          {
  28   1        EA=1; //enable all
  29   1      
  30   1      PX1=1;  // priority INT1 High
  31   1        
  32   1        //PX0=1;  //priority INT0 HIgh
  33   1        EX0=1;   //INT0 bar enable  
  34   1        
  35   1        EX1=1;       //  external interrupt INT1 bar enable
  36   1        
  37   1        IT0=1;  // selecting trigger  -- edge triger 
  38   1        IT1=1; // external interrupt  -- edge triger
  39   1        
  40   1                                    //IT0=0;     // low triger
  41   1                                   //IT1=0;     // external intrrupt low level
  42   1        
  43   1      led1=1; 
  44   1      led2=1;
  45   1      
  46   1      while(1)
  47   1      {
  48   2      led1=0;  
  49   2      led2=0;
  50   2      }
  51   1      }
  52          
  53          
  54          void delay(void)
  55          {
C51 COMPILER V9.50a   INTRRUPT                                                             10/20/2022 18:52:25 PAGE 2   

  56   1      int i,j;
  57   1      for(i=0;i<500;i++)
  58   1      {
  59   2      for(j=0;j<500;j++)
  60   2      {}
  61   2      }
  62   1      }


MODULE INFORMATION:   STATIC OVERLAYABLE
   CODE SIZE        =    177    ----
   CONSTANT SIZE    =   ----    ----
   XDATA SIZE       =   ----    ----
   PDATA SIZE       =   ----    ----
   DATA SIZE        =   ----    ----
   IDATA SIZE       =   ----    ----
   BIT SIZE         =   ----    ----
END OF MODULE INFORMATION.


C51 COMPILATION COMPLETE.  0 WARNING(S),  0 ERROR(S)
